<?xml version="1.0" encoding="UTF-8"?>
<!-- Generated by org.testng.reporters.JUnitReportReporter -->
<testsuite hostname="DONGDUONG-PC" name="com.dongduong.springmvc.test.service.EmployeeServiceImplTest" tests="7" failures="0" timestamp="6 Dec 2015 05:30:24 GMT" time="0.014" errors="0">
  <testcase name="findById" time="0.001" classname="com.dongduong.springmvc.test.service.EmployeeServiceImplTest"/>
  <testcase name="isEmployeeSsnUnique" time="0.001" classname="com.dongduong.springmvc.test.service.EmployeeServiceImplTest"/>
  <testcase name="findEmployeeBySsn" time="0.000" classname="com.dongduong.springmvc.test.service.EmployeeServiceImplTest"/>
  <testcase name="deleteEmployeeBySsn" time="0.009" classname="com.dongduong.springmvc.test.service.EmployeeServiceImplTest"/>
  <testcase name="findAllEmployees" time="0.001" classname="com.dongduong.springmvc.test.service.EmployeeServiceImplTest"/>
  <testcase name="saveEmployee" time="0.000" classname="com.dongduong.springmvc.test.service.EmployeeServiceImplTest"/>
  <testcase name="updateEmployee" time="0.002" classname="com.dongduong.springmvc.test.service.EmployeeServiceImplTest"/>
</testsuite> <!-- com.dongduong.springmvc.test.service.EmployeeServiceImplTest -->
