<?xml version="1.0" encoding="UTF-8"?>
<!-- Generated by org.testng.reporters.JUnitReportReporter -->
<testsuite hostname="DONGDUONG-PC" name="com.dongduong.springmvc.test.dao.EmployeeDaoImplTest" tests="6" failures="0" timestamp="6 Dec 2015 05:30:24 GMT" time="0.361" errors="0">
  <testcase name="findEmployeeBySsn" time="0.023" classname="com.dongduong.springmvc.test.dao.EmployeeDaoImplTest"/>
  <testcase name="deleteEmployeeByInvalidSsn" time="0.108" classname="com.dongduong.springmvc.test.dao.EmployeeDaoImplTest"/>
  <testcase name="saveEmployee" time="0.078" classname="com.dongduong.springmvc.test.dao.EmployeeDaoImplTest"/>
  <testcase name="deleteEmployeeBySsn" time="0.117" classname="com.dongduong.springmvc.test.dao.EmployeeDaoImplTest"/>
  <testcase name="findById" time="0.020" classname="com.dongduong.springmvc.test.dao.EmployeeDaoImplTest"/>
  <testcase name="findAllEmployees" time="0.015" classname="com.dongduong.springmvc.test.dao.EmployeeDaoImplTest"/>
</testsuite> <!-- com.dongduong.springmvc.test.dao.EmployeeDaoImplTest -->
