<?xml version="1.0" encoding="UTF-8"?>
<!-- Generated by org.testng.reporters.JUnitReportReporter -->
<testsuite hostname="DONGDUONG-PC" name="com.dongduong.springmsc.test.controller.AppControllerTest" tests="10" failures="0" timestamp="6 Dec 2015 04:33:52 GMT" time="0.064" errors="0">
  <testcase name="saveEmployeeWithValidationError" time="0.002" classname="com.dongduong.springmsc.test.controller.AppControllerTest"/>
  <testcase name="deleteEmployee" time="0.019" classname="com.dongduong.springmsc.test.controller.AppControllerTest"/>
  <testcase name="editEmployee" time="0.029" classname="com.dongduong.springmsc.test.controller.AppControllerTest"/>
  <testcase name="updateEmployeeWithValidationError" time="0.000" classname="com.dongduong.springmsc.test.controller.AppControllerTest"/>
  <testcase name="newEmployee" time="0.001" classname="com.dongduong.springmsc.test.controller.AppControllerTest"/>
  <testcase name="saveEmployeeWithValidationErrorNonUniqueSSN" time="0.003" classname="com.dongduong.springmsc.test.controller.AppControllerTest"/>
  <testcase name="updateEmployeeWithValidationErrorNonUniqueSSN" time="0.001" classname="com.dongduong.springmsc.test.controller.AppControllerTest"/>
  <testcase name="updateEmployeeWithSuccess" time="0.002" classname="com.dongduong.springmsc.test.controller.AppControllerTest"/>
  <testcase name="listEmployees" time="0.006" classname="com.dongduong.springmsc.test.controller.AppControllerTest"/>
  <testcase name="saveEmployeeWithSuccess" time="0.001" classname="com.dongduong.springmsc.test.controller.AppControllerTest"/>
</testsuite> <!-- com.dongduong.springmsc.test.controller.AppControllerTest -->
